<?xml version="1.0" encoding="UTF-8" standalone="no"?>
<!DOCTYPE log SYSTEM "logger.dtd">
<log>
<record>
  <date>2019-09-13T09:58:55</date>
  <millis>1568379535302</millis>
  <sequence>0</sequence>
  <level>START</level>
  <class>com.kms.katalon.core.logging.XmlKeywordLogger</class>
  <method>startSuite</method>
  <thread>1</thread>
  <message>Start Test Suite : Test Suites/User</message>
  <nestedLevel>0</nestedLevel>
  <property name="name">User</property>
  <property name="description"></property>
  <property name="id">Test Suites/User</property>
</record>
<record>
  <date>2019-09-13T09:58:55</date>
  <millis>1568379535325</millis>
  <sequence>1</sequence>
  <level>RUN_DATA</level>
  <class>com.kms.katalon.core.logging.XmlKeywordLogger</class>
  <method>logMessage</method>
  <thread>1</thread>
  <message>hostName = eiolbmr - BR-00002368.ericsson.se</message>
  <nestedLevel>0</nestedLevel>
  <property name="hostName">eiolbmr - BR-00002368.ericsson.se</property>
</record>
<record>
  <date>2019-09-13T09:58:55</date>
  <millis>1568379535327</millis>
  <sequence>2</sequence>
  <level>RUN_DATA</level>
  <class>com.kms.katalon.core.logging.XmlKeywordLogger</class>
  <method>logMessage</method>
  <thread>1</thread>
  <message>os = Windows 10 64bit</message>
  <nestedLevel>0</nestedLevel>
  <property name="os">Windows 10 64bit</property>
</record>
<record>
  <date>2019-09-13T09:58:55</date>
  <millis>1568379535328</millis>
  <sequence>3</sequence>
  <level>RUN_DATA</level>
  <class>com.kms.katalon.core.logging.XmlKeywordLogger</class>
  <method>logMessage</method>
  <thread>1</thread>
  <message>hostAddress = 100.120.204.233</message>
  <nestedLevel>0</nestedLevel>
  <property name="hostAddress">100.120.204.233</property>
</record>
<record>
  <date>2019-09-13T09:58:55</date>
  <millis>1568379535331</millis>
  <sequence>4</sequence>
  <level>RUN_DATA</level>
  <class>com.kms.katalon.core.logging.XmlKeywordLogger</class>
  <method>logMessage</method>
  <thread>1</thread>
  <message>katalonVersion = 6.3.3.11</message>
  <nestedLevel>0</nestedLevel>
  <property name="katalonVersion">6.3.3.11</property>
</record>
<record>
  <date>2019-09-13T09:58:55</date>
  <millis>1568379535761</millis>
  <sequence>5</sequence>
  <level>START</level>
  <class>com.kms.katalon.core.logging.XmlKeywordLogger</class>
  <method>startTest</method>
  <thread>1</thread>
  <message>Start Test Case : Test Cases/ListUSers</message>
  <nestedLevel>1</nestedLevel>
  <property name="name">Test Cases/ListUSers</property>
  <property name="description"></property>
  <property name="id">Test Cases/ListUSers</property>
  <property name="source">C:\\Users\\EIOLBMR\\Katalon Studio\\ExampleApi\\Test Cases\\ListUSers.tc</property>
  <property name="tag">Users</property>
  <property name="isOptional">false</property>
</record>
<record>
  <date>2019-09-13T09:58:56</date>
  <millis>1568379536453</millis>
  <sequence>7</sequence>
  <level>START</level>
  <class>com.kms.katalon.core.logging.XmlKeywordLogger</class>
  <method>startKeyword</method>
  <thread>1</thread>
  <message>Start action : response = sendRequestAndVerify(findTestObject(\&amp;quot;UserRestService/ListUserEspecific\&amp;quot;))</message>
  <nestedLevel>1</nestedLevel>
  <property name="startLine">16</property>
  <property name="stepIndex">1</property>
</record>
<record>
  <date>2019-09-13T09:58:59</date>
  <millis>1568379539469</millis>
  <sequence>10</sequence>
  <level>INFO</level>
  <class>com.kms.katalon.core.logging.XmlKeywordLogger</class>
  <method>logMessage</method>
  <thread>1</thread>
  <message>HAR: C:\\Users\\EIOLBMR\\Katalon Studio\\ExampleApi\\Reports\\20190913_095848\\User\\20190913_095848\\requests\\main\\0.har</message>
  <nestedLevel>1</nestedLevel>
  <property name="harId">b5757442-55b5-4671-a4a1-f8f5b0e9c6f3</property>
</record>
<record>
  <date>2019-09-13T09:58:59</date>
  <millis>1568379539654</millis>
  <sequence>12</sequence>
  <level>START</level>
  <class>com.kms.katalon.core.logging.XmlKeywordLogger</class>
  <method>startTest</method>
  <thread>1</thread>
  <message>Start Test Case : Verification</message>
  <nestedLevel>2</nestedLevel>
</record>
<record>
  <date>2019-09-13T09:58:59</date>
  <millis>1568379539858</millis>
  <sequence>13</sequence>
  <level>START</level>
  <class>com.kms.katalon.core.logging.XmlKeywordLogger</class>
  <method>startKeyword</method>
  <thread>1</thread>
  <message>Start action : request = getInstance().getCurrentRequest()</message>
  <nestedLevel>1</nestedLevel>
  <property name="startLine">11</property>
  <property name="stepIndex">1</property>
</record>
<record>
  <date>2019-09-13T09:58:59</date>
  <millis>1568379539931</millis>
  <sequence>14</sequence>
  <level>END</level>
  <class>com.kms.katalon.core.logging.XmlKeywordLogger</class>
  <method>endKeyword</method>
  <thread>1</thread>
  <message>End action : request = getInstance().getCurrentRequest()</message>
  <nestedLevel>1</nestedLevel>
</record>
<record>
  <date>2019-09-13T09:58:59</date>
  <millis>1568379539932</millis>
  <sequence>15</sequence>
  <level>START</level>
  <class>com.kms.katalon.core.logging.XmlKeywordLogger</class>
  <method>startKeyword</method>
  <thread>1</thread>
  <message>Start action : response = getInstance().getCurrentResponse()</message>
  <nestedLevel>1</nestedLevel>
  <property name="startLine">13</property>
  <property name="stepIndex">2</property>
</record>
<record>
  <date>2019-09-13T09:58:59</date>
  <millis>1568379539934</millis>
  <sequence>16</sequence>
  <level>END</level>
  <class>com.kms.katalon.core.logging.XmlKeywordLogger</class>
  <method>endKeyword</method>
  <thread>1</thread>
  <message>End action : response = getInstance().getCurrentResponse()</message>
  <nestedLevel>1</nestedLevel>
</record>
<record>
  <date>2019-09-13T09:58:59</date>
  <millis>1568379539934</millis>
  <sequence>17</sequence>
  <level>START</level>
  <class>com.kms.katalon.core.logging.XmlKeywordLogger</class>
  <method>startKeyword</method>
  <thread>1</thread>
  <message>Start action : verifyResponseStatusCode(response, 200)</message>
  <nestedLevel>1</nestedLevel>
  <property name="startLine">15</property>
  <property name="stepIndex">3</property>
</record>
<record>
  <date>2019-09-13T09:58:59</date>
  <millis>1568379539949</millis>
  <sequence>19</sequence>
  <level>PASSED</level>
  <class>com.kms.katalon.core.logging.XmlKeywordLogger</class>
  <method>logMessage</method>
  <thread>1</thread>
  <message>Verify response status code successfully</message>
  <nestedLevel>2</nestedLevel>
</record>
<record>
  <date>2019-09-13T09:58:59</date>
  <millis>1568379539949</millis>
  <sequence>20</sequence>
  <level>END</level>
  <class>com.kms.katalon.core.logging.XmlKeywordLogger</class>
  <method>endKeyword</method>
  <thread>1</thread>
  <message>End action : verifyResponseStatusCode(response, 200)</message>
  <nestedLevel>1</nestedLevel>
</record>
<record>
  <date>2019-09-13T09:58:59</date>
  <millis>1568379539950</millis>
  <sequence>21</sequence>
  <level>START</level>
  <class>com.kms.katalon.core.logging.XmlKeywordLogger</class>
  <method>startKeyword</method>
  <thread>1</thread>
  <message>Start action : getStatusCode()).isEqualTo(200)</message>
  <nestedLevel>1</nestedLevel>
  <property name="startLine">17</property>
  <property name="stepIndex">4</property>
</record>
<record>
  <date>2019-09-13T09:59:00</date>
  <millis>1568379540071</millis>
  <sequence>22</sequence>
  <level>END</level>
  <class>com.kms.katalon.core.logging.XmlKeywordLogger</class>
  <method>endKeyword</method>
  <thread>1</thread>
  <message>End action : getStatusCode()).isEqualTo(200)</message>
  <nestedLevel>1</nestedLevel>
</record>
<record>
  <date>2019-09-13T09:59:00</date>
  <millis>1568379540072</millis>
  <sequence>23</sequence>
  <level>START</level>
  <class>com.kms.katalon.core.logging.XmlKeywordLogger</class>
  <method>startKeyword</method>
  <thread>1</thread>
  <message>Start action : verifyElementPropertyValue(response, \&amp;quot;data[1].first_name\&amp;quot;, \&amp;quot;Lindsay\&amp;quot;)</message>
  <nestedLevel>1</nestedLevel>
  <property name="startLine">19</property>
  <property name="stepIndex">5</property>
</record>
<record>
  <date>2019-09-13T09:59:00</date>
  <millis>1568379540164</millis>
  <sequence>25</sequence>
  <level>PASSED</level>
  <class>com.kms.katalon.core.logging.XmlKeywordLogger</class>
  <method>logMessage</method>
  <thread>1</thread>
  <message>Verify element property value successfully</message>
  <nestedLevel>2</nestedLevel>
</record>
<record>
  <date>2019-09-13T09:59:00</date>
  <millis>1568379540165</millis>
  <sequence>26</sequence>
  <level>END</level>
  <class>com.kms.katalon.core.logging.XmlKeywordLogger</class>
  <method>endKeyword</method>
  <thread>1</thread>
  <message>End action : verifyElementPropertyValue(response, \&amp;quot;data[1].first_name\&amp;quot;, \&amp;quot;Lindsay\&amp;quot;)</message>
  <nestedLevel>1</nestedLevel>
</record>
<record>
  <date>2019-09-13T09:59:00</date>
  <millis>1568379540166</millis>
  <sequence>27</sequence>
  <level>PASSED</level>
  <class>com.kms.katalon.core.logging.XmlKeywordLogger</class>
  <method>logMessage</method>
  <thread>1</thread>
  <message>Verification accomplished successfully</message>
  <nestedLevel>2</nestedLevel>
</record>
<record>
  <date>2019-09-13T09:59:00</date>
  <millis>1568379540167</millis>
  <sequence>28</sequence>
  <level>END</level>
  <class>com.kms.katalon.core.logging.XmlKeywordLogger</class>
  <method>endTest</method>
  <thread>1</thread>
  <message>End Test Case : Verification</message>
  <nestedLevel>1</nestedLevel>
</record>
<record>
  <date>2019-09-13T09:59:00</date>
  <millis>1568379540176</millis>
  <sequence>29</sequence>
  <level>PASSED</level>
  <class>com.kms.katalon.core.logging.XmlKeywordLogger</class>
  <method>logMessage</method>
  <thread>1</thread>
  <message>Verify response successfully</message>
  <nestedLevel>1</nestedLevel>
</record>
<record>
  <date>2019-09-13T09:59:00</date>
  <millis>1568379540176</millis>
  <sequence>30</sequence>
  <level>PASSED</level>
  <class>com.kms.katalon.core.logging.XmlKeywordLogger</class>
  <method>logMessage</method>
  <thread>1</thread>
  <message>Send request and verify the response successfully</message>
  <nestedLevel>1</nestedLevel>
</record>
<record>
  <date>2019-09-13T09:59:00</date>
  <millis>1568379540177</millis>
  <sequence>31</sequence>
  <level>END</level>
  <class>com.kms.katalon.core.logging.XmlKeywordLogger</class>
  <method>endKeyword</method>
  <thread>1</thread>
  <message>End action : response = sendRequestAndVerify(findTestObject(\&amp;quot;UserRestService/ListUserEspecific\&amp;quot;))</message>
  <nestedLevel>1</nestedLevel>
</record>
<record>
  <date>2019-09-13T09:59:00</date>
  <millis>1568379540178</millis>
  <sequence>32</sequence>
  <level>PASSED</level>
  <class>com.kms.katalon.core.logging.XmlKeywordLogger</class>
  <method>logMessage</method>
  <thread>1</thread>
  <message>Test Cases/ListUSers</message>
  <nestedLevel>1</nestedLevel>
</record>
<record>
  <date>2019-09-13T09:59:00</date>
  <millis>1568379540179</millis>
  <sequence>33</sequence>
  <level>END</level>
  <class>com.kms.katalon.core.logging.XmlKeywordLogger</class>
  <method>endTest</method>
  <thread>1</thread>
  <message>End Test Case : Test Cases/ListUSers</message>
  <nestedLevel>0</nestedLevel>
</record>
<record>
  <date>2019-09-13T09:59:00</date>
  <millis>1568379540390</millis>
  <sequence>34</sequence>
  <level>END</level>
  <class>com.kms.katalon.core.logging.XmlKeywordLogger</class>
  <method>endSuite</method>
  <thread>1</thread>
  <message>End Test Suite : Test Suites/User</message>
  <nestedLevel>0</nestedLevel>
</record>
</log>
<?xml version="1.0" encoding="UTF-8" standalone="no"?>
<!DOCTYPE log SYSTEM "logger.dtd">
<log>
<record>
  <date>2019-09-13T11:12:13</date>
  <millis>1568383933568</millis>
  <sequence>116</sequence>
  <level>INFO</level>
  <class>com.kms.katalon.core.logging.XmlKeywordLogger</class>
  <method>logMessage</method>
  <thread>186</thread>
  <message>HAR: C:\\Users\\EIOLBMR\\AppData\\Local\\Temp\\har2476526475678516472\\requests\\ModalContext\\0.har</message>
  <nestedLevel>0</nestedLevel>
  <property name="harId">092172c2-526b-4c50-9597-f1a1f8485f52</property>
</record>
<record>
  <date>2019-09-13T11:13:07</date>
  <millis>1568383987726</millis>
  <sequence>117</sequence>
  <level>INFO</level>
  <class>com.kms.katalon.core.logging.XmlKeywordLogger</class>
  <method>logMessage</method>
  <thread>197</thread>
  <message>HAR: C:\\Users\\EIOLBMR\\AppData\\Local\\Temp\\har3306976376031243\\requests\\ModalContext\\1.har</message>
  <nestedLevel>0</nestedLevel>
  <property name="harId">ea299786-6dfa-496e-bfbd-609c836f3bd6</property>
</record>
<record>
  <date>2019-09-13T11:13:20</date>
  <millis>1568384000147</millis>
  <sequence>133</sequence>
  <level>INFO</level>
  <class>com.kms.katalon.core.logging.XmlKeywordLogger</class>
  <method>logMessage</method>
  <thread>210</thread>
  <message>HAR: C:\\Users\\EIOLBMR\\AppData\\Local\\Temp\\har754776222678439520\\requests\\ModalContext\\2.har</message>
  <nestedLevel>0</nestedLevel>
  <property name="harId">f98f22be-3f96-4c82-bd9a-a092561ffcab</property>
</record>
<record>
  <date>2019-09-13T11:13:30</date>
  <millis>1568384010014</millis>
  <sequence>150</sequence>
  <level>INFO</level>
  <class>com.kms.katalon.core.logging.XmlKeywordLogger</class>
  <method>logMessage</method>
  <thread>223</thread>
  <message>HAR: C:\\Users\\EIOLBMR\\AppData\\Local\\Temp\\har8436000866765075720\\requests\\ModalContext\\3.har</message>
  <nestedLevel>0</nestedLevel>
  <property name="harId">5a49b7c2-38a6-4034-bdfa-8fb63a476fe8</property>
</record>
<record>
  <date>2019-09-13T11:58:39</date>
  <millis>1568386719701</millis>
  <sequence>399</sequence>
  <level>INFO</level>
  <class>com.kms.katalon.core.logging.XmlKeywordLogger</class>
  <method>logMessage</method>
  <thread>364</thread>
  <message>HAR: C:\\Users\\EIOLBMR\\AppData\\Local\\Temp\\har8853517882480539967\\requests\\ModalContext\\4.har</message>
  <nestedLevel>0</nestedLevel>
  <property name="harId">1c91eefa-be3c-4664-a699-750231826783</property>
</record>
<record>
  <date>2019-09-13T11:59:02</date>
  <millis>1568386742055</millis>
  <sequence>400</sequence>
  <level>INFO</level>
  <class>com.kms.katalon.core.logging.XmlKeywordLogger</class>
  <method>logMessage</method>
  <thread>373</thread>
  <message>HAR: C:\\Users\\EIOLBMR\\AppData\\Local\\Temp\\har2339441283171707580\\requests\\ModalContext\\5.har</message>
  <nestedLevel>0</nestedLevel>
  <property name="harId">dabc0c42-f735-4878-bb26-b829f6966fa2</property>
</record>
<record>
  <date>2019-09-13T11:59:13</date>
  <millis>1568386753149</millis>
  <sequence>412</sequence>
  <level>INFO</level>
  <class>com.kms.katalon.core.logging.XmlKeywordLogger</class>
  <method>logMessage</method>
  <thread>388</thread>
  <message>HAR: C:\\Users\\EIOLBMR\\AppData\\Local\\Temp\\har5859057589284780060\\requests\\ModalContext\\6.har</message>
  <nestedLevel>0</nestedLevel>
  <property name="harId">c4366149-ddbd-437e-812b-1dc010273c8f</property>
</record>
<record>
  <date>2019-09-13T11:59:31</date>
  <millis>1568386771800</millis>
  <sequence>425</sequence>
  <level>INFO</level>
  <class>com.kms.katalon.core.logging.XmlKeywordLogger</class>
  <method>logMessage</method>
  <thread>402</thread>
  <message>HAR: C:\\Users\\EIOLBMR\\AppData\\Local\\Temp\\har1580869507152749322\\requests\\ModalContext\\7.har</message>
  <nestedLevel>0</nestedLevel>
  <property name="harId">be5bec40-5cd9-4181-8198-80cb758b0bc5</property>
</record>
</log>
